[ERROR] 2022-04-19 14:05:02.847 [main] DatabaseUtility - com.mysql.jdbc.exceptions.jdbc4.CommunicationsException: Communications link failure

The last packet successfully received from the server was 301 milliseconds ago.  The last packet sent successfully to the server was 295 milliseconds ago.
[ERROR] 2022-04-19 14:05:02.854 [main] DatabaseUtility - com.mysql.jdbc.exceptions.jdbc4.CommunicationsException: Communications link failure

The last packet successfully received from the server was 1 milliseconds ago.  The last packet sent successfully to the server was 1 milliseconds ago.
[ERROR] 2022-04-19 14:06:04.268 [main] DatabaseUtility - com.mysql.jdbc.exceptions.jdbc4.CommunicationsException: Communications link failure

The last packet successfully received from the server was 1 milliseconds ago.  The last packet sent successfully to the server was 0 milliseconds ago.
[ERROR] 2022-04-19 14:06:04.272 [main] DatabaseUtility - com.mysql.jdbc.exceptions.jdbc4.CommunicationsException: Communications link failure

The last packet successfully received from the server was 1 milliseconds ago.  The last packet sent successfully to the server was 1 milliseconds ago.
[ERROR] 2022-04-19 14:07:04.465 [main] DatabaseUtility - com.mysql.jdbc.exceptions.jdbc4.CommunicationsException: Communications link failure

The last packet successfully received from the server was 1 milliseconds ago.  The last packet sent successfully to the server was 1 milliseconds ago.
[ERROR] 2022-04-19 14:07:04.467 [main] DatabaseUtility - com.mysql.jdbc.exceptions.jdbc4.CommunicationsException: Communications link failure

The last packet successfully received from the server was 0 milliseconds ago.  The last packet sent successfully to the server was 0 milliseconds ago.
[ERROR] 2022-04-19 14:10:17.513 [main] DatabaseUtility - com.mysql.jdbc.exceptions.jdbc4.CommunicationsException: Communications link failure

The last packet successfully received from the server was 271 milliseconds ago.  The last packet sent successfully to the server was 266 milliseconds ago.
[ERROR] 2022-04-19 14:10:17.518 [main] DatabaseUtility - com.mysql.jdbc.exceptions.jdbc4.CommunicationsException: Communications link failure

The last packet successfully received from the server was 1 milliseconds ago.  The last packet sent successfully to the server was 0 milliseconds ago.
[ERROR] 2022-04-19 14:10:48.088 [main] DatabaseUtility - com.mysql.jdbc.exceptions.jdbc4.CommunicationsException: Communications link failure

The last packet successfully received from the server was 1 milliseconds ago.  The last packet sent successfully to the server was 1 milliseconds ago.
[ERROR] 2022-04-19 14:10:48.089 [main] DatabaseUtility - com.mysql.jdbc.exceptions.jdbc4.CommunicationsException: Communications link failure

The last packet successfully received from the server was 0 milliseconds ago.  The last packet sent successfully to the server was 0 milliseconds ago.
[ERROR] 2022-04-19 14:11:22.114 [main] DatabaseUtility - com.mysql.jdbc.exceptions.jdbc4.CommunicationsException: Communications link failure

The last packet successfully received from the server was 263 milliseconds ago.  The last packet sent successfully to the server was 256 milliseconds ago.
[ERROR] 2022-04-19 14:11:22.119 [main] DatabaseUtility - com.mysql.jdbc.exceptions.jdbc4.CommunicationsException: Communications link failure

The last packet successfully received from the server was 1 milliseconds ago.  The last packet sent successfully to the server was 1 milliseconds ago.
[ERROR] 2022-04-19 14:11:52.693 [main] DatabaseUtility - com.mysql.jdbc.exceptions.jdbc4.CommunicationsException: Communications link failure

The last packet successfully received from the server was 1 milliseconds ago.  The last packet sent successfully to the server was 1 milliseconds ago.
[ERROR] 2022-04-19 14:11:52.695 [main] DatabaseUtility - com.mysql.jdbc.exceptions.jdbc4.CommunicationsException: Communications link failure

The last packet successfully received from the server was 0 milliseconds ago.  The last packet sent successfully to the server was 0 milliseconds ago.
[ERROR] 2022-04-19 14:12:22.808 [main] DatabaseUtility - com.mysql.jdbc.exceptions.jdbc4.CommunicationsException: Communications link failure

The last packet successfully received from the server was 1 milliseconds ago.  The last packet sent successfully to the server was 1 milliseconds ago.
[ERROR] 2022-04-19 14:12:22.809 [main] DatabaseUtility - com.mysql.jdbc.exceptions.jdbc4.CommunicationsException: Communications link failure

The last packet successfully received from the server was 0 milliseconds ago.  The last packet sent successfully to the server was 0 milliseconds ago.
[ERROR] 2022-04-19 14:12:52.943 [main] DatabaseUtility - com.mysql.jdbc.exceptions.jdbc4.CommunicationsException: Communications link failure

The last packet successfully received from the server was 0 milliseconds ago.  The last packet sent successfully to the server was 0 milliseconds ago.
[ERROR] 2022-04-19 14:12:52.945 [main] DatabaseUtility - com.mysql.jdbc.exceptions.jdbc4.CommunicationsException: Communications link failure

The last packet successfully received from the server was 0 milliseconds ago.  The last packet sent successfully to the server was 0 milliseconds ago.
[ERROR] 2022-04-19 14:13:23.044 [main] DatabaseUtility - com.mysql.jdbc.exceptions.jdbc4.CommunicationsException: Communications link failure

The last packet successfully received from the server was 0 milliseconds ago.  The last packet sent successfully to the server was 0 milliseconds ago.
[ERROR] 2022-04-19 14:13:23.046 [main] DatabaseUtility - com.mysql.jdbc.exceptions.jdbc4.CommunicationsException: Communications link failure

The last packet successfully received from the server was 1 milliseconds ago.  The last packet sent successfully to the server was 1 milliseconds ago.
[ERROR] 2022-04-19 14:16:23.860 [main] DatabaseUtility - com.mysql.jdbc.exceptions.jdbc4.CommunicationsException: Communications link failure

The last packet successfully received from the server was 237 milliseconds ago.  The last packet sent successfully to the server was 233 milliseconds ago.
[ERROR] 2022-04-19 14:16:23.866 [main] DatabaseUtility - com.mysql.jdbc.exceptions.jdbc4.CommunicationsException: Communications link failure

The last packet successfully received from the server was 1 milliseconds ago.  The last packet sent successfully to the server was 1 milliseconds ago.
[ERROR] 2022-04-19 14:17:25.119 [main] DatabaseUtility - com.mysql.jdbc.exceptions.jdbc4.CommunicationsException: Communications link failure

The last packet successfully received from the server was 1 milliseconds ago.  The last packet sent successfully to the server was 1 milliseconds ago.
[ERROR] 2022-04-19 14:17:25.122 [main] DatabaseUtility - com.mysql.jdbc.exceptions.jdbc4.CommunicationsException: Communications link failure

The last packet successfully received from the server was 1 milliseconds ago.  The last packet sent successfully to the server was 1 milliseconds ago.
[ERROR] 2022-04-19 14:17:55.178 [main] DatabaseUtility - com.mysql.jdbc.exceptions.jdbc4.CommunicationsException: Communications link failure

The last packet successfully received from the server was 0 milliseconds ago.  The last packet sent successfully to the server was 0 milliseconds ago.
[ERROR] 2022-04-19 14:17:55.180 [main] DatabaseUtility - com.mysql.jdbc.exceptions.jdbc4.CommunicationsException: Communications link failure

The last packet successfully received from the server was 0 milliseconds ago.  The last packet sent successfully to the server was 0 milliseconds ago.
[ERROR] 2022-04-19 14:18:25.243 [main] DatabaseUtility - com.mysql.jdbc.exceptions.jdbc4.CommunicationsException: Communications link failure

The last packet successfully received from the server was 2 milliseconds ago.  The last packet sent successfully to the server was 0 milliseconds ago.
[ERROR] 2022-04-19 14:18:25.245 [main] DatabaseUtility - com.mysql.jdbc.exceptions.jdbc4.CommunicationsException: Communications link failure

The last packet successfully received from the server was 1 milliseconds ago.  The last packet sent successfully to the server was 0 milliseconds ago.
[ERROR] 2022-04-19 14:18:55.297 [main] DatabaseUtility - com.mysql.jdbc.exceptions.jdbc4.CommunicationsException: Communications link failure

The last packet successfully received from the server was 0 milliseconds ago.  The last packet sent successfully to the server was 0 milliseconds ago.
[ERROR] 2022-04-19 14:18:55.299 [main] DatabaseUtility - com.mysql.jdbc.exceptions.jdbc4.CommunicationsException: Communications link failure

The last packet successfully received from the server was 1 milliseconds ago.  The last packet sent successfully to the server was 1 milliseconds ago.
[ERROR] 2022-04-19 14:28:14.755 [main] DatabaseUtility - com.mysql.jdbc.exceptions.jdbc4.CommunicationsException: Communications link failure

The last packet successfully received from the server was 257 milliseconds ago.  The last packet sent successfully to the server was 252 milliseconds ago.
[ERROR] 2022-04-19 14:28:14.762 [main] DatabaseUtility - com.mysql.jdbc.exceptions.jdbc4.CommunicationsException: Communications link failure

The last packet successfully received from the server was 2 milliseconds ago.  The last packet sent successfully to the server was 0 milliseconds ago.
[ERROR] 2022-04-19 14:32:52.841 [main] DatabaseUtility - java.sql.SQLNonTransientConnectionException: Cannot load connection class because of underlying exception: com.mysql.cj.exceptions.WrongArgumentException: Malformed database URL, failed to parse the connection string near ';password=MySQL'.
[ERROR] 2022-04-19 14:32:52.845 [main] DatabaseUtility - java.sql.SQLNonTransientConnectionException: Cannot load connection class because of underlying exception: com.mysql.cj.exceptions.WrongArgumentException: Malformed database URL, failed to parse the connection string near ';password=MySQL'.
[ERROR] 2022-04-19 14:32:54.282 [main] DatabaseUtility - java.sql.SQLNonTransientConnectionException: Cannot load connection class because of underlying exception: com.mysql.cj.exceptions.WrongArgumentException: Malformed database URL, failed to parse the connection string near ';password=MySQL'.
[ERROR] 2022-04-19 14:32:54.282 [main] DatabaseUtility - java.sql.SQLNonTransientConnectionException: Cannot load connection class because of underlying exception: com.mysql.cj.exceptions.WrongArgumentException: Malformed database URL, failed to parse the connection string near ';password=MySQL'.
[ERROR] 2022-04-19 14:32:54.286 [main] DatabaseUtility - java.sql.SQLNonTransientConnectionException: Cannot load connection class because of underlying exception: com.mysql.cj.exceptions.WrongArgumentException: Malformed database URL, failed to parse the connection string near ';password=MySQL'.
[ERROR] 2022-04-19 14:32:54.287 [main] DatabaseUtility - java.sql.SQLNonTransientConnectionException: Cannot load connection class because of underlying exception: com.mysql.cj.exceptions.WrongArgumentException: Malformed database URL, failed to parse the connection string near ';password=MySQL'.
[ERROR] 2022-04-19 14:32:54.311 [main] DatabaseUtility - java.sql.SQLNonTransientConnectionException: Cannot load connection class because of underlying exception: com.mysql.cj.exceptions.WrongArgumentException: Malformed database URL, failed to parse the connection string near ';password=MySQL'.
[ERROR] 2022-04-19 14:32:54.311 [main] DatabaseUtility - java.sql.SQLNonTransientConnectionException: Cannot load connection class because of underlying exception: com.mysql.cj.exceptions.WrongArgumentException: Malformed database URL, failed to parse the connection string near ';password=MySQL'.
[ERROR] 2022-04-19 14:32:54.329 [main] DatabaseUtility - java.sql.SQLNonTransientConnectionException: Cannot load connection class because of underlying exception: com.mysql.cj.exceptions.WrongArgumentException: Malformed database URL, failed to parse the connection string near ';password=MySQL'.
[ERROR] 2022-04-19 14:32:54.330 [main] DatabaseUtility - java.sql.SQLNonTransientConnectionException: Cannot load connection class because of underlying exception: com.mysql.cj.exceptions.WrongArgumentException: Malformed database URL, failed to parse the connection string near ';password=MySQL'.
[ERROR] 2022-04-19 14:38:00.207 [main] DatabaseUtility - java.sql.SQLNonTransientConnectionException: Cannot load connection class because of underlying exception: com.mysql.cj.exceptions.WrongArgumentException: Malformed database URL, failed to parse the connection string near ';password=MySQL'.
[ERROR] 2022-04-19 14:38:00.211 [main] DatabaseUtility - java.sql.SQLNonTransientConnectionException: Cannot load connection class because of underlying exception: com.mysql.cj.exceptions.WrongArgumentException: Malformed database URL, failed to parse the connection string near ';password=MySQL'.
[ERROR] 2022-04-19 14:38:01.635 [main] DatabaseUtility - java.sql.SQLNonTransientConnectionException: Cannot load connection class because of underlying exception: com.mysql.cj.exceptions.WrongArgumentException: Malformed database URL, failed to parse the connection string near ';password=MySQL'.
[ERROR] 2022-04-19 14:38:01.635 [main] DatabaseUtility - java.sql.SQLNonTransientConnectionException: Cannot load connection class because of underlying exception: com.mysql.cj.exceptions.WrongArgumentException: Malformed database URL, failed to parse the connection string near ';password=MySQL'.
[ERROR] 2022-04-19 14:38:01.640 [main] DatabaseUtility - java.sql.SQLNonTransientConnectionException: Cannot load connection class because of underlying exception: com.mysql.cj.exceptions.WrongArgumentException: Malformed database URL, failed to parse the connection string near ';password=MySQL'.
[ERROR] 2022-04-19 14:38:01.641 [main] DatabaseUtility - java.sql.SQLNonTransientConnectionException: Cannot load connection class because of underlying exception: com.mysql.cj.exceptions.WrongArgumentException: Malformed database URL, failed to parse the connection string near ';password=MySQL'.
[ERROR] 2022-04-19 14:38:01.664 [main] DatabaseUtility - java.sql.SQLNonTransientConnectionException: Cannot load connection class because of underlying exception: com.mysql.cj.exceptions.WrongArgumentException: Malformed database URL, failed to parse the connection string near ';password=MySQL'.
[ERROR] 2022-04-19 14:38:01.664 [main] DatabaseUtility - java.sql.SQLNonTransientConnectionException: Cannot load connection class because of underlying exception: com.mysql.cj.exceptions.WrongArgumentException: Malformed database URL, failed to parse the connection string near ';password=MySQL'.
[ERROR] 2022-04-19 14:38:01.681 [main] DatabaseUtility - java.sql.SQLNonTransientConnectionException: Cannot load connection class because of underlying exception: com.mysql.cj.exceptions.WrongArgumentException: Malformed database URL, failed to parse the connection string near ';password=MySQL'.
[ERROR] 2022-04-19 14:38:01.682 [main] DatabaseUtility - java.sql.SQLNonTransientConnectionException: Cannot load connection class because of underlying exception: com.mysql.cj.exceptions.WrongArgumentException: Malformed database URL, failed to parse the connection string near ';password=MySQL'.
[ERROR] 2022-04-19 14:41:44.995 [main] DatabaseUtility - java.sql.SQLNonTransientConnectionException: Cannot load connection class because of underlying exception: com.mysql.cj.exceptions.WrongArgumentException: Malformed database URL, failed to parse the connection string near ';password=MySQL'.
[ERROR] 2022-04-19 14:41:44.999 [main] DatabaseUtility - java.sql.SQLNonTransientConnectionException: Cannot load connection class because of underlying exception: com.mysql.cj.exceptions.WrongArgumentException: Malformed database URL, failed to parse the connection string near ';password=MySQL'.
[ERROR] 2022-04-19 14:41:46.455 [main] DatabaseUtility - java.sql.SQLNonTransientConnectionException: Cannot load connection class because of underlying exception: com.mysql.cj.exceptions.WrongArgumentException: Malformed database URL, failed to parse the connection string near ';password=MySQL'.
[ERROR] 2022-04-19 14:41:46.456 [main] DatabaseUtility - java.sql.SQLNonTransientConnectionException: Cannot load connection class because of underlying exception: com.mysql.cj.exceptions.WrongArgumentException: Malformed database URL, failed to parse the connection string near ';password=MySQL'.
[ERROR] 2022-04-19 14:41:46.460 [main] DatabaseUtility - java.sql.SQLNonTransientConnectionException: Cannot load connection class because of underlying exception: com.mysql.cj.exceptions.WrongArgumentException: Malformed database URL, failed to parse the connection string near ';password=MySQL'.
[ERROR] 2022-04-19 14:41:46.460 [main] DatabaseUtility - java.sql.SQLNonTransientConnectionException: Cannot load connection class because of underlying exception: com.mysql.cj.exceptions.WrongArgumentException: Malformed database URL, failed to parse the connection string near ';password=MySQL'.
[ERROR] 2022-04-19 14:41:46.483 [main] DatabaseUtility - java.sql.SQLNonTransientConnectionException: Cannot load connection class because of underlying exception: com.mysql.cj.exceptions.WrongArgumentException: Malformed database URL, failed to parse the connection string near ';password=MySQL'.
[ERROR] 2022-04-19 14:41:46.484 [main] DatabaseUtility - java.sql.SQLNonTransientConnectionException: Cannot load connection class because of underlying exception: com.mysql.cj.exceptions.WrongArgumentException: Malformed database URL, failed to parse the connection string near ';password=MySQL'.
[ERROR] 2022-04-19 14:41:46.500 [main] DatabaseUtility - java.sql.SQLNonTransientConnectionException: Cannot load connection class because of underlying exception: com.mysql.cj.exceptions.WrongArgumentException: Malformed database URL, failed to parse the connection string near ';password=MySQL'.
[ERROR] 2022-04-19 14:41:46.501 [main] DatabaseUtility - java.sql.SQLNonTransientConnectionException: Cannot load connection class because of underlying exception: com.mysql.cj.exceptions.WrongArgumentException: Malformed database URL, failed to parse the connection string near ';password=MySQL'.
[ERROR] 2022-04-19 14:44:34.812 [main] DatabaseUtility - java.sql.SQLNonTransientConnectionException: Cannot load connection class because of underlying exception: com.mysql.cj.exceptions.WrongArgumentException: Malformed database URL, failed to parse the connection string near ';password=MySQL'.
[ERROR] 2022-04-19 14:44:34.815 [main] DatabaseUtility - java.sql.SQLNonTransientConnectionException: Cannot load connection class because of underlying exception: com.mysql.cj.exceptions.WrongArgumentException: Malformed database URL, failed to parse the connection string near ';password=MySQL'.
[ERROR] 2022-04-19 14:44:36.236 [main] DatabaseUtility - java.sql.SQLNonTransientConnectionException: Cannot load connection class because of underlying exception: com.mysql.cj.exceptions.WrongArgumentException: Malformed database URL, failed to parse the connection string near ';password=MySQL'.
[ERROR] 2022-04-19 14:44:36.236 [main] DatabaseUtility - java.sql.SQLNonTransientConnectionException: Cannot load connection class because of underlying exception: com.mysql.cj.exceptions.WrongArgumentException: Malformed database URL, failed to parse the connection string near ';password=MySQL'.
[ERROR] 2022-04-19 14:44:36.241 [main] DatabaseUtility - java.sql.SQLNonTransientConnectionException: Cannot load connection class because of underlying exception: com.mysql.cj.exceptions.WrongArgumentException: Malformed database URL, failed to parse the connection string near ';password=MySQL'.
[ERROR] 2022-04-19 14:44:36.242 [main] DatabaseUtility - java.sql.SQLNonTransientConnectionException: Cannot load connection class because of underlying exception: com.mysql.cj.exceptions.WrongArgumentException: Malformed database URL, failed to parse the connection string near ';password=MySQL'.
[ERROR] 2022-04-19 14:44:36.267 [main] DatabaseUtility - java.sql.SQLNonTransientConnectionException: Cannot load connection class because of underlying exception: com.mysql.cj.exceptions.WrongArgumentException: Malformed database URL, failed to parse the connection string near ';password=MySQL'.
[ERROR] 2022-04-19 14:44:36.268 [main] DatabaseUtility - java.sql.SQLNonTransientConnectionException: Cannot load connection class because of underlying exception: com.mysql.cj.exceptions.WrongArgumentException: Malformed database URL, failed to parse the connection string near ';password=MySQL'.
[ERROR] 2022-04-19 14:44:36.283 [main] DatabaseUtility - java.sql.SQLNonTransientConnectionException: Cannot load connection class because of underlying exception: com.mysql.cj.exceptions.WrongArgumentException: Malformed database URL, failed to parse the connection string near ';password=MySQL'.
[ERROR] 2022-04-19 14:44:36.285 [main] DatabaseUtility - java.sql.SQLNonTransientConnectionException: Cannot load connection class because of underlying exception: com.mysql.cj.exceptions.WrongArgumentException: Malformed database URL, failed to parse the connection string near ';password=MySQL'.
[ERROR] 2022-04-19 14:51:14.121 [main] DatabaseUtility - java.sql.SQLNonTransientConnectionException: Cannot load connection class because of underlying exception: com.mysql.cj.exceptions.WrongArgumentException: Malformed database URL, failed to parse the connection string near ';password=MySQL'.
[ERROR] 2022-04-19 14:51:14.126 [main] DatabaseUtility - java.sql.SQLNonTransientConnectionException: Cannot load connection class because of underlying exception: com.mysql.cj.exceptions.WrongArgumentException: Malformed database URL, failed to parse the connection string near ';password=MySQL'.
[ERROR] 2022-04-19 14:51:15.577 [main] DatabaseUtility - java.sql.SQLNonTransientConnectionException: Cannot load connection class because of underlying exception: com.mysql.cj.exceptions.WrongArgumentException: Malformed database URL, failed to parse the connection string near ';password=MySQL'.
[ERROR] 2022-04-19 14:51:15.578 [main] DatabaseUtility - java.sql.SQLNonTransientConnectionException: Cannot load connection class because of underlying exception: com.mysql.cj.exceptions.WrongArgumentException: Malformed database URL, failed to parse the connection string near ';password=MySQL'.
[ERROR] 2022-04-19 14:51:15.583 [main] DatabaseUtility - java.sql.SQLNonTransientConnectionException: Cannot load connection class because of underlying exception: com.mysql.cj.exceptions.WrongArgumentException: Malformed database URL, failed to parse the connection string near ';password=MySQL'.
[ERROR] 2022-04-19 14:51:15.583 [main] DatabaseUtility - java.sql.SQLNonTransientConnectionException: Cannot load connection class because of underlying exception: com.mysql.cj.exceptions.WrongArgumentException: Malformed database URL, failed to parse the connection string near ';password=MySQL'.
[ERROR] 2022-04-19 14:51:15.607 [main] DatabaseUtility - java.sql.SQLNonTransientConnectionException: Cannot load connection class because of underlying exception: com.mysql.cj.exceptions.WrongArgumentException: Malformed database URL, failed to parse the connection string near ';password=MySQL'.
[ERROR] 2022-04-19 14:51:15.608 [main] DatabaseUtility - java.sql.SQLNonTransientConnectionException: Cannot load connection class because of underlying exception: com.mysql.cj.exceptions.WrongArgumentException: Malformed database URL, failed to parse the connection string near ';password=MySQL'.
[ERROR] 2022-04-19 14:51:15.623 [main] DatabaseUtility - java.sql.SQLNonTransientConnectionException: Cannot load connection class because of underlying exception: com.mysql.cj.exceptions.WrongArgumentException: Malformed database URL, failed to parse the connection string near ';password=MySQL'.
[ERROR] 2022-04-19 14:51:15.624 [main] DatabaseUtility - java.sql.SQLNonTransientConnectionException: Cannot load connection class because of underlying exception: com.mysql.cj.exceptions.WrongArgumentException: Malformed database URL, failed to parse the connection string near ';password=MySQL'.
[ERROR] 2022-04-19 14:53:00.521 [main] DatabaseUtility - java.sql.SQLNonTransientConnectionException: Cannot load connection class because of underlying exception: com.mysql.cj.exceptions.WrongArgumentException: Malformed database URL, failed to parse the connection string near ';password=MySQL'.
[ERROR] 2022-04-19 14:53:00.524 [main] DatabaseUtility - java.sql.SQLNonTransientConnectionException: Cannot load connection class because of underlying exception: com.mysql.cj.exceptions.WrongArgumentException: Malformed database URL, failed to parse the connection string near ';password=MySQL'.
[ERROR] 2022-04-19 14:53:01.952 [main] DatabaseUtility - java.sql.SQLNonTransientConnectionException: Cannot load connection class because of underlying exception: com.mysql.cj.exceptions.WrongArgumentException: Malformed database URL, failed to parse the connection string near ';password=MySQL'.
[ERROR] 2022-04-19 14:53:01.952 [main] DatabaseUtility - java.sql.SQLNonTransientConnectionException: Cannot load connection class because of underlying exception: com.mysql.cj.exceptions.WrongArgumentException: Malformed database URL, failed to parse the connection string near ';password=MySQL'.
[ERROR] 2022-04-19 14:53:01.958 [main] DatabaseUtility - java.sql.SQLNonTransientConnectionException: Cannot load connection class because of underlying exception: com.mysql.cj.exceptions.WrongArgumentException: Malformed database URL, failed to parse the connection string near ';password=MySQL'.
[ERROR] 2022-04-19 14:53:01.958 [main] DatabaseUtility - java.sql.SQLNonTransientConnectionException: Cannot load connection class because of underlying exception: com.mysql.cj.exceptions.WrongArgumentException: Malformed database URL, failed to parse the connection string near ';password=MySQL'.
[ERROR] 2022-04-19 14:53:01.985 [main] DatabaseUtility - java.sql.SQLNonTransientConnectionException: Cannot load connection class because of underlying exception: com.mysql.cj.exceptions.WrongArgumentException: Malformed database URL, failed to parse the connection string near ';password=MySQL'.
[ERROR] 2022-04-19 14:53:01.985 [main] DatabaseUtility - java.sql.SQLNonTransientConnectionException: Cannot load connection class because of underlying exception: com.mysql.cj.exceptions.WrongArgumentException: Malformed database URL, failed to parse the connection string near ';password=MySQL'.
[ERROR] 2022-04-19 14:53:02.005 [main] DatabaseUtility - java.sql.SQLNonTransientConnectionException: Cannot load connection class because of underlying exception: com.mysql.cj.exceptions.WrongArgumentException: Malformed database URL, failed to parse the connection string near ';password=MySQL'.
[ERROR] 2022-04-19 14:53:02.006 [main] DatabaseUtility - java.sql.SQLNonTransientConnectionException: Cannot load connection class because of underlying exception: com.mysql.cj.exceptions.WrongArgumentException: Malformed database URL, failed to parse the connection string near ';password=MySQL'.
[ERROR] 2022-04-19 15:00:48.050 [main] DatabaseUtility - java.sql.SQLNonTransientConnectionException: Cannot load connection class because of underlying exception: com.mysql.cj.exceptions.WrongArgumentException: Malformed database URL, failed to parse the connection string near ';password=MySQL'.
[ERROR] 2022-04-19 15:00:48.054 [main] DatabaseUtility - java.sql.SQLNonTransientConnectionException: Cannot load connection class because of underlying exception: com.mysql.cj.exceptions.WrongArgumentException: Malformed database URL, failed to parse the connection string near ';password=MySQL'.
[ERROR] 2022-04-19 15:00:49.478 [main] DatabaseUtility - java.sql.SQLNonTransientConnectionException: Cannot load connection class because of underlying exception: com.mysql.cj.exceptions.WrongArgumentException: Malformed database URL, failed to parse the connection string near ';password=MySQL'.
[ERROR] 2022-04-19 15:00:49.478 [main] DatabaseUtility - java.sql.SQLNonTransientConnectionException: Cannot load connection class because of underlying exception: com.mysql.cj.exceptions.WrongArgumentException: Malformed database URL, failed to parse the connection string near ';password=MySQL'.
[ERROR] 2022-04-19 15:00:49.483 [main] DatabaseUtility - java.sql.SQLNonTransientConnectionException: Cannot load connection class because of underlying exception: com.mysql.cj.exceptions.WrongArgumentException: Malformed database URL, failed to parse the connection string near ';password=MySQL'.
[ERROR] 2022-04-19 15:00:49.483 [main] DatabaseUtility - java.sql.SQLNonTransientConnectionException: Cannot load connection class because of underlying exception: com.mysql.cj.exceptions.WrongArgumentException: Malformed database URL, failed to parse the connection string near ';password=MySQL'.
[ERROR] 2022-04-19 15:00:49.507 [main] DatabaseUtility - java.sql.SQLNonTransientConnectionException: Cannot load connection class because of underlying exception: com.mysql.cj.exceptions.WrongArgumentException: Malformed database URL, failed to parse the connection string near ';password=MySQL'.
[ERROR] 2022-04-19 15:00:49.508 [main] DatabaseUtility - java.sql.SQLNonTransientConnectionException: Cannot load connection class because of underlying exception: com.mysql.cj.exceptions.WrongArgumentException: Malformed database URL, failed to parse the connection string near ';password=MySQL'.
[ERROR] 2022-04-19 15:00:49.522 [main] DatabaseUtility - java.sql.SQLNonTransientConnectionException: Cannot load connection class because of underlying exception: com.mysql.cj.exceptions.WrongArgumentException: Malformed database URL, failed to parse the connection string near ';password=MySQL'.
[ERROR] 2022-04-19 15:00:49.524 [main] DatabaseUtility - java.sql.SQLNonTransientConnectionException: Cannot load connection class because of underlying exception: com.mysql.cj.exceptions.WrongArgumentException: Malformed database URL, failed to parse the connection string near ';password=MySQL'.
[ERROR] 2022-04-19 15:02:56.018 [main] DatabaseUtility - java.sql.SQLNonTransientConnectionException: Cannot load connection class because of underlying exception: com.mysql.cj.exceptions.WrongArgumentException: Malformed database URL, failed to parse the connection string near ';password=MySQL'.
[ERROR] 2022-04-19 15:02:56.023 [main] DatabaseUtility - java.sql.SQLNonTransientConnectionException: Cannot load connection class because of underlying exception: com.mysql.cj.exceptions.WrongArgumentException: Malformed database URL, failed to parse the connection string near ';password=MySQL'.
[ERROR] 2022-04-19 15:02:57.475 [main] DatabaseUtility - java.sql.SQLNonTransientConnectionException: Cannot load connection class because of underlying exception: com.mysql.cj.exceptions.WrongArgumentException: Malformed database URL, failed to parse the connection string near ';password=MySQL'.
[ERROR] 2022-04-19 15:02:57.475 [main] DatabaseUtility - java.sql.SQLNonTransientConnectionException: Cannot load connection class because of underlying exception: com.mysql.cj.exceptions.WrongArgumentException: Malformed database URL, failed to parse the connection string near ';password=MySQL'.
[ERROR] 2022-04-19 15:02:57.479 [main] DatabaseUtility - java.sql.SQLNonTransientConnectionException: Cannot load connection class because of underlying exception: com.mysql.cj.exceptions.WrongArgumentException: Malformed database URL, failed to parse the connection string near ';password=MySQL'.
[ERROR] 2022-04-19 15:02:57.480 [main] DatabaseUtility - java.sql.SQLNonTransientConnectionException: Cannot load connection class because of underlying exception: com.mysql.cj.exceptions.WrongArgumentException: Malformed database URL, failed to parse the connection string near ';password=MySQL'.
[ERROR] 2022-04-19 15:02:57.505 [main] DatabaseUtility - java.sql.SQLNonTransientConnectionException: Cannot load connection class because of underlying exception: com.mysql.cj.exceptions.WrongArgumentException: Malformed database URL, failed to parse the connection string near ';password=MySQL'.
[ERROR] 2022-04-19 15:02:57.506 [main] DatabaseUtility - java.sql.SQLNonTransientConnectionException: Cannot load connection class because of underlying exception: com.mysql.cj.exceptions.WrongArgumentException: Malformed database URL, failed to parse the connection string near ';password=MySQL'.
[ERROR] 2022-04-19 15:02:57.523 [main] DatabaseUtility - java.sql.SQLNonTransientConnectionException: Cannot load connection class because of underlying exception: com.mysql.cj.exceptions.WrongArgumentException: Malformed database URL, failed to parse the connection string near ';password=MySQL'.
[ERROR] 2022-04-19 15:02:57.524 [main] DatabaseUtility - java.sql.SQLNonTransientConnectionException: Cannot load connection class because of underlying exception: com.mysql.cj.exceptions.WrongArgumentException: Malformed database URL, failed to parse the connection string near ';password=MySQL'.
[ERROR] 2022-04-19 15:04:57.441 [main] DatabaseUtility - java.sql.SQLSyntaxErrorException: You have an error in your SQL syntax; check the manual that corresponds to your MySQL server version for the right syntax to use near 'order' at line 1
[ERROR] 2022-04-19 15:04:58.662 [main] DatabaseUtility - java.sql.SQLSyntaxErrorException: You have an error in your SQL syntax; check the manual that corresponds to your MySQL server version for the right syntax to use near 'order' at line 1
[ERROR] 2022-04-19 15:04:58.724 [main] DatabaseUtility - java.sql.SQLSyntaxErrorException: You have an error in your SQL syntax; check the manual that corresponds to your MySQL server version for the right syntax to use near 'order' at line 1
[ERROR] 2022-04-19 15:04:58.810 [main] DatabaseUtility - java.sql.SQLSyntaxErrorException: You have an error in your SQL syntax; check the manual that corresponds to your MySQL server version for the right syntax to use near 'order' at line 1
[ERROR] 2022-04-19 15:04:58.898 [main] DatabaseUtility - java.sql.SQLSyntaxErrorException: You have an error in your SQL syntax; check the manual that corresponds to your MySQL server version for the right syntax to use near 'order' at line 1
[ERROR] 2022-04-19 16:07:14.380 [main] DatabaseUtility - java.sql.SQLSyntaxErrorException: You have an error in your SQL syntax; check the manual that corresponds to your MySQL server version for the right syntax to use near 'order' at line 1
[ERROR] 2022-04-19 16:07:15.717 [main] DatabaseUtility - java.sql.SQLSyntaxErrorException: You have an error in your SQL syntax; check the manual that corresponds to your MySQL server version for the right syntax to use near 'order' at line 1
[ERROR] 2022-04-19 16:07:15.804 [main] DatabaseUtility - java.sql.SQLSyntaxErrorException: You have an error in your SQL syntax; check the manual that corresponds to your MySQL server version for the right syntax to use near 'order' at line 1
[ERROR] 2022-04-19 16:07:15.891 [main] DatabaseUtility - java.sql.SQLSyntaxErrorException: You have an error in your SQL syntax; check the manual that corresponds to your MySQL server version for the right syntax to use near 'order' at line 1
[ERROR] 2022-04-19 16:07:15.984 [main] DatabaseUtility - java.sql.SQLSyntaxErrorException: You have an error in your SQL syntax; check the manual that corresponds to your MySQL server version for the right syntax to use near 'order' at line 1
[ERROR] 2022-04-19 16:10:47.022 [main] DatabaseUtility - java.sql.SQLSyntaxErrorException: You have an error in your SQL syntax; check the manual that corresponds to your MySQL server version for the right syntax to use near 'order' at line 1
[ERROR] 2022-04-19 16:10:48.233 [main] DatabaseUtility - java.sql.SQLSyntaxErrorException: You have an error in your SQL syntax; check the manual that corresponds to your MySQL server version for the right syntax to use near 'order' at line 1
[ERROR] 2022-04-19 16:10:48.291 [main] DatabaseUtility - java.sql.SQLSyntaxErrorException: You have an error in your SQL syntax; check the manual that corresponds to your MySQL server version for the right syntax to use near 'order' at line 1
[ERROR] 2022-04-19 16:10:48.388 [main] DatabaseUtility - java.sql.SQLSyntaxErrorException: You have an error in your SQL syntax; check the manual that corresponds to your MySQL server version for the right syntax to use near 'order' at line 1
[ERROR] 2022-04-19 16:10:48.462 [main] DatabaseUtility - java.sql.SQLSyntaxErrorException: You have an error in your SQL syntax; check the manual that corresponds to your MySQL server version for the right syntax to use near 'order' at line 1
[ERROR] 2022-04-19 16:12:56.725 [main] DatabaseUtility - java.sql.SQLSyntaxErrorException: You have an error in your SQL syntax; check the manual that corresponds to your MySQL server version for the right syntax to use near 'order' at line 1
[ERROR] 2022-04-19 16:12:57.951 [main] DatabaseUtility - java.sql.SQLSyntaxErrorException: You have an error in your SQL syntax; check the manual that corresponds to your MySQL server version for the right syntax to use near 'order' at line 1
[ERROR] 2022-04-19 16:12:58.090 [main] DatabaseUtility - java.sql.SQLSyntaxErrorException: You have an error in your SQL syntax; check the manual that corresponds to your MySQL server version for the right syntax to use near 'order' at line 1
[ERROR] 2022-04-19 16:12:58.169 [main] DatabaseUtility - java.sql.SQLSyntaxErrorException: You have an error in your SQL syntax; check the manual that corresponds to your MySQL server version for the right syntax to use near 'order' at line 1
[ERROR] 2022-04-19 16:12:58.235 [main] DatabaseUtility - java.sql.SQLSyntaxErrorException: You have an error in your SQL syntax; check the manual that corresponds to your MySQL server version for the right syntax to use near 'order' at line 1
[ERROR] 2022-04-19 16:16:47.988 [main] DatabaseUtility - java.sql.SQLSyntaxErrorException: You have an error in your SQL syntax; check the manual that corresponds to your MySQL server version for the right syntax to use near 'order' at line 1
[ERROR] 2022-04-19 16:16:49.235 [main] DatabaseUtility - java.sql.SQLSyntaxErrorException: You have an error in your SQL syntax; check the manual that corresponds to your MySQL server version for the right syntax to use near 'order' at line 1
[ERROR] 2022-04-19 16:16:49.302 [main] DatabaseUtility - java.sql.SQLSyntaxErrorException: You have an error in your SQL syntax; check the manual that corresponds to your MySQL server version for the right syntax to use near 'order' at line 1
[ERROR] 2022-04-19 16:16:49.387 [main] DatabaseUtility - java.sql.SQLSyntaxErrorException: You have an error in your SQL syntax; check the manual that corresponds to your MySQL server version for the right syntax to use near 'order' at line 1
[ERROR] 2022-04-19 16:16:49.468 [main] DatabaseUtility - java.sql.SQLSyntaxErrorException: You have an error in your SQL syntax; check the manual that corresponds to your MySQL server version for the right syntax to use near 'order' at line 1
[ERROR] 2022-04-19 16:17:16.311 [main] DatabaseUtility - java.sql.SQLSyntaxErrorException: You have an error in your SQL syntax; check the manual that corresponds to your MySQL server version for the right syntax to use near 'order' at line 1
[ERROR] 2022-04-19 16:17:17.670 [main] DatabaseUtility - java.sql.SQLSyntaxErrorException: You have an error in your SQL syntax; check the manual that corresponds to your MySQL server version for the right syntax to use near 'order' at line 1
[ERROR] 2022-04-19 16:17:17.738 [main] DatabaseUtility - java.sql.SQLSyntaxErrorException: You have an error in your SQL syntax; check the manual that corresponds to your MySQL server version for the right syntax to use near 'order' at line 1
[ERROR] 2022-04-19 16:17:17.820 [main] DatabaseUtility - java.sql.SQLSyntaxErrorException: You have an error in your SQL syntax; check the manual that corresponds to your MySQL server version for the right syntax to use near 'order' at line 1
[ERROR] 2022-04-19 16:17:17.894 [main] DatabaseUtility - java.sql.SQLSyntaxErrorException: You have an error in your SQL syntax; check the manual that corresponds to your MySQL server version for the right syntax to use near 'order' at line 1
[ERROR] 2022-04-19 16:22:24.318 [main] DatabaseUtility - java.sql.SQLSyntaxErrorException: You have an error in your SQL syntax; check the manual that corresponds to your MySQL server version for the right syntax to use near 'order' at line 1
[ERROR] 2022-04-19 16:22:25.508 [main] DatabaseUtility - java.sql.SQLSyntaxErrorException: You have an error in your SQL syntax; check the manual that corresponds to your MySQL server version for the right syntax to use near 'order' at line 1
[ERROR] 2022-04-19 16:22:25.648 [main] DatabaseUtility - java.sql.SQLSyntaxErrorException: You have an error in your SQL syntax; check the manual that corresponds to your MySQL server version for the right syntax to use near 'order' at line 1
[ERROR] 2022-04-19 16:22:25.725 [main] DatabaseUtility - java.sql.SQLSyntaxErrorException: You have an error in your SQL syntax; check the manual that corresponds to your MySQL server version for the right syntax to use near 'order' at line 1
[ERROR] 2022-04-19 16:22:25.802 [main] DatabaseUtility - java.sql.SQLSyntaxErrorException: You have an error in your SQL syntax; check the manual that corresponds to your MySQL server version for the right syntax to use near 'order' at line 1
[ERROR] 2022-04-19 16:29:42.220 [main] DatabaseUtility - java.sql.SQLSyntaxErrorException: You have an error in your SQL syntax; check the manual that corresponds to your MySQL server version for the right syntax to use near 'order' at line 1
[ERROR] 2022-04-19 16:29:43.498 [main] DatabaseUtility - java.sql.SQLSyntaxErrorException: You have an error in your SQL syntax; check the manual that corresponds to your MySQL server version for the right syntax to use near 'order' at line 1
[ERROR] 2022-04-19 16:29:43.557 [main] DatabaseUtility - java.sql.SQLSyntaxErrorException: You have an error in your SQL syntax; check the manual that corresponds to your MySQL server version for the right syntax to use near 'order' at line 1
[ERROR] 2022-04-19 16:29:43.636 [main] DatabaseUtility - java.sql.SQLSyntaxErrorException: You have an error in your SQL syntax; check the manual that corresponds to your MySQL server version for the right syntax to use near 'order' at line 1
[ERROR] 2022-04-19 16:29:43.706 [main] DatabaseUtility - java.sql.SQLSyntaxErrorException: You have an error in your SQL syntax; check the manual that corresponds to your MySQL server version for the right syntax to use near 'order' at line 1
[ERROR] 2022-04-19 16:34:58.758 [main] DatabaseUtility - java.sql.SQLSyntaxErrorException: You have an error in your SQL syntax; check the manual that corresponds to your MySQL server version for the right syntax to use near 'order' at line 1
[ERROR] 2022-04-19 16:34:59.953 [main] DatabaseUtility - java.sql.SQLSyntaxErrorException: You have an error in your SQL syntax; check the manual that corresponds to your MySQL server version for the right syntax to use near 'order' at line 1
[ERROR] 2022-04-19 16:35:00.019 [main] DatabaseUtility - java.sql.SQLSyntaxErrorException: You have an error in your SQL syntax; check the manual that corresponds to your MySQL server version for the right syntax to use near 'order' at line 1
[ERROR] 2022-04-19 16:35:00.101 [main] DatabaseUtility - java.sql.SQLSyntaxErrorException: You have an error in your SQL syntax; check the manual that corresponds to your MySQL server version for the right syntax to use near 'order' at line 1
[ERROR] 2022-04-19 16:35:00.181 [main] DatabaseUtility - java.sql.SQLSyntaxErrorException: You have an error in your SQL syntax; check the manual that corresponds to your MySQL server version for the right syntax to use near 'order' at line 1
[ERROR] 2022-04-19 16:53:49.630 [main] DatabaseUtility - java.sql.SQLSyntaxErrorException: You have an error in your SQL syntax; check the manual that corresponds to your MySQL server version for the right syntax to use near 'order' at line 1
[ERROR] 2022-04-19 16:53:50.848 [main] DatabaseUtility - java.sql.SQLSyntaxErrorException: You have an error in your SQL syntax; check the manual that corresponds to your MySQL server version for the right syntax to use near 'order' at line 1
[ERROR] 2022-04-19 16:53:50.909 [main] DatabaseUtility - java.sql.SQLSyntaxErrorException: You have an error in your SQL syntax; check the manual that corresponds to your MySQL server version for the right syntax to use near 'order' at line 1
[ERROR] 2022-04-19 16:53:50.988 [main] DatabaseUtility - java.sql.SQLSyntaxErrorException: You have an error in your SQL syntax; check the manual that corresponds to your MySQL server version for the right syntax to use near 'order' at line 1
[ERROR] 2022-04-19 16:53:51.068 [main] DatabaseUtility - java.sql.SQLSyntaxErrorException: You have an error in your SQL syntax; check the manual that corresponds to your MySQL server version for the right syntax to use near 'order' at line 1
[ERROR] 2022-04-19 17:09:06.358 [main] DatabaseUtility - java.sql.SQLSyntaxErrorException: You have an error in your SQL syntax; check the manual that corresponds to your MySQL server version for the right syntax to use near 'order' at line 1
[ERROR] 2022-04-19 17:09:07.579 [main] DatabaseUtility - java.sql.SQLSyntaxErrorException: You have an error in your SQL syntax; check the manual that corresponds to your MySQL server version for the right syntax to use near 'order' at line 1
[ERROR] 2022-04-19 17:09:07.641 [main] DatabaseUtility - java.sql.SQLSyntaxErrorException: You have an error in your SQL syntax; check the manual that corresponds to your MySQL server version for the right syntax to use near 'order' at line 1
[ERROR] 2022-04-19 17:09:07.722 [main] DatabaseUtility - java.sql.SQLSyntaxErrorException: You have an error in your SQL syntax; check the manual that corresponds to your MySQL server version for the right syntax to use near 'order' at line 1
[ERROR] 2022-04-19 17:09:07.800 [main] DatabaseUtility - java.sql.SQLSyntaxErrorException: You have an error in your SQL syntax; check the manual that corresponds to your MySQL server version for the right syntax to use near 'order' at line 1
[ERROR] 2022-04-19 17:24:24.769 [main] DatabaseUtility - java.sql.SQLSyntaxErrorException: You have an error in your SQL syntax; check the manual that corresponds to your MySQL server version for the right syntax to use near 'order' at line 1
[ERROR] 2022-04-19 17:24:25.988 [main] DatabaseUtility - java.sql.SQLSyntaxErrorException: You have an error in your SQL syntax; check the manual that corresponds to your MySQL server version for the right syntax to use near 'order' at line 1
[ERROR] 2022-04-19 17:24:26.049 [main] DatabaseUtility - java.sql.SQLSyntaxErrorException: You have an error in your SQL syntax; check the manual that corresponds to your MySQL server version for the right syntax to use near 'order' at line 1
[ERROR] 2022-04-19 17:24:26.129 [main] DatabaseUtility - java.sql.SQLSyntaxErrorException: You have an error in your SQL syntax; check the manual that corresponds to your MySQL server version for the right syntax to use near 'order' at line 1
[ERROR] 2022-04-19 17:24:26.207 [main] DatabaseUtility - java.sql.SQLSyntaxErrorException: You have an error in your SQL syntax; check the manual that corresponds to your MySQL server version for the right syntax to use near 'order' at line 1
[ERROR] 2022-04-19 17:27:24.322 [main] DatabaseUtility - java.sql.SQLSyntaxErrorException: You have an error in your SQL syntax; check the manual that corresponds to your MySQL server version for the right syntax to use near 'order' at line 1
[ERROR] 2022-04-19 17:27:25.017 [main] DatabaseUtility - java.sql.SQLSyntaxErrorException: You have an error in your SQL syntax; check the manual that corresponds to your MySQL server version for the right syntax to use near 'order' at line 1
[ERROR] 2022-04-19 17:27:25.116 [main] DatabaseUtility - java.sql.SQLSyntaxErrorException: You have an error in your SQL syntax; check the manual that corresponds to your MySQL server version for the right syntax to use near 'order' at line 1
[ERROR] 2022-04-19 17:27:25.208 [main] DatabaseUtility - java.sql.SQLSyntaxErrorException: You have an error in your SQL syntax; check the manual that corresponds to your MySQL server version for the right syntax to use near 'order' at line 1
[ERROR] 2022-04-19 17:27:25.304 [main] DatabaseUtility - java.sql.SQLSyntaxErrorException: You have an error in your SQL syntax; check the manual that corresponds to your MySQL server version for the right syntax to use near 'order' at line 1
[ERROR] 2022-04-19 17:28:16.785 [main] DatabaseUtility - java.sql.SQLSyntaxErrorException: You have an error in your SQL syntax; check the manual that corresponds to your MySQL server version for the right syntax to use near 'order' at line 1
[ERROR] 2022-04-19 17:28:18.028 [main] DatabaseUtility - java.sql.SQLSyntaxErrorException: You have an error in your SQL syntax; check the manual that corresponds to your MySQL server version for the right syntax to use near 'order' at line 1
[ERROR] 2022-04-19 17:28:18.090 [main] DatabaseUtility - java.sql.SQLSyntaxErrorException: You have an error in your SQL syntax; check the manual that corresponds to your MySQL server version for the right syntax to use near 'order' at line 1
[ERROR] 2022-04-19 17:28:18.172 [main] DatabaseUtility - java.sql.SQLSyntaxErrorException: You have an error in your SQL syntax; check the manual that corresponds to your MySQL server version for the right syntax to use near 'order' at line 1
[ERROR] 2022-04-19 17:28:18.249 [main] DatabaseUtility - java.sql.SQLSyntaxErrorException: You have an error in your SQL syntax; check the manual that corresponds to your MySQL server version for the right syntax to use near 'order' at line 1
[ERROR] 2022-04-19 17:29:54.927 [main] DatabaseUtility - java.sql.SQLSyntaxErrorException: You have an error in your SQL syntax; check the manual that corresponds to your MySQL server version for the right syntax to use near 'order' at line 1
[ERROR] 2022-04-19 17:29:55.642 [main] DatabaseUtility - java.sql.SQLSyntaxErrorException: You have an error in your SQL syntax; check the manual that corresponds to your MySQL server version for the right syntax to use near 'order' at line 1
[ERROR] 2022-04-19 17:29:55.745 [main] DatabaseUtility - java.sql.SQLSyntaxErrorException: You have an error in your SQL syntax; check the manual that corresponds to your MySQL server version for the right syntax to use near 'order' at line 1
[ERROR] 2022-04-19 17:29:55.932 [main] DatabaseUtility - java.sql.SQLSyntaxErrorException: You have an error in your SQL syntax; check the manual that corresponds to your MySQL server version for the right syntax to use near 'order' at line 1
[ERROR] 2022-04-19 17:29:56.038 [main] DatabaseUtility - java.sql.SQLSyntaxErrorException: You have an error in your SQL syntax; check the manual that corresponds to your MySQL server version for the right syntax to use near 'order' at line 1
[ERROR] 2022-04-19 17:31:02.723 [main] DatabaseUtility - java.sql.SQLSyntaxErrorException: You have an error in your SQL syntax; check the manual that corresponds to your MySQL server version for the right syntax to use near 'order' at line 1
[ERROR] 2022-04-19 17:31:03.458 [main] DatabaseUtility - java.sql.SQLSyntaxErrorException: You have an error in your SQL syntax; check the manual that corresponds to your MySQL server version for the right syntax to use near 'order' at line 1
[ERROR] 2022-04-19 17:31:03.559 [main] DatabaseUtility - java.sql.SQLSyntaxErrorException: You have an error in your SQL syntax; check the manual that corresponds to your MySQL server version for the right syntax to use near 'order' at line 1
[ERROR] 2022-04-19 17:31:03.665 [main] DatabaseUtility - java.sql.SQLSyntaxErrorException: You have an error in your SQL syntax; check the manual that corresponds to your MySQL server version for the right syntax to use near 'order' at line 1
[ERROR] 2022-04-19 17:31:03.770 [main] DatabaseUtility - java.sql.SQLSyntaxErrorException: You have an error in your SQL syntax; check the manual that corresponds to your MySQL server version for the right syntax to use near 'order' at line 1
[ERROR] 2022-04-19 17:32:07.359 [main] DatabaseUtility - java.sql.SQLSyntaxErrorException: You have an error in your SQL syntax; check the manual that corresponds to your MySQL server version for the right syntax to use near 'order' at line 1
[ERROR] 2022-04-19 17:32:08.592 [main] DatabaseUtility - java.sql.SQLSyntaxErrorException: You have an error in your SQL syntax; check the manual that corresponds to your MySQL server version for the right syntax to use near 'order' at line 1
[ERROR] 2022-04-19 17:32:08.656 [main] DatabaseUtility - java.sql.SQLSyntaxErrorException: You have an error in your SQL syntax; check the manual that corresponds to your MySQL server version for the right syntax to use near 'order' at line 1
[ERROR] 2022-04-19 17:32:08.736 [main] DatabaseUtility - java.sql.SQLSyntaxErrorException: You have an error in your SQL syntax; check the manual that corresponds to your MySQL server version for the right syntax to use near 'order' at line 1
[ERROR] 2022-04-19 17:32:08.809 [main] DatabaseUtility - java.sql.SQLSyntaxErrorException: You have an error in your SQL syntax; check the manual that corresponds to your MySQL server version for the right syntax to use near 'order' at line 1
[ERROR] 2022-04-19 17:34:36.854 [main] DatabaseUtility - java.sql.SQLSyntaxErrorException: You have an error in your SQL syntax; check the manual that corresponds to your MySQL server version for the right syntax to use near 'order' at line 1
[ERROR] 2022-04-19 17:34:38.064 [main] DatabaseUtility - java.sql.SQLSyntaxErrorException: You have an error in your SQL syntax; check the manual that corresponds to your MySQL server version for the right syntax to use near 'order' at line 1
[ERROR] 2022-04-19 17:34:38.124 [main] DatabaseUtility - java.sql.SQLSyntaxErrorException: You have an error in your SQL syntax; check the manual that corresponds to your MySQL server version for the right syntax to use near 'order' at line 1
[ERROR] 2022-04-19 17:34:38.209 [main] DatabaseUtility - java.sql.SQLSyntaxErrorException: You have an error in your SQL syntax; check the manual that corresponds to your MySQL server version for the right syntax to use near 'order' at line 1
[ERROR] 2022-04-19 17:34:38.289 [main] DatabaseUtility - java.sql.SQLSyntaxErrorException: You have an error in your SQL syntax; check the manual that corresponds to your MySQL server version for the right syntax to use near 'order' at line 1
[ERROR] 2022-04-21 13:55:54.819 [main] DatabaseUtility - java.sql.SQLSyntaxErrorException: You have an error in your SQL syntax; check the manual that corresponds to your MySQL server version for the right syntax to use near 'order' at line 1
[ERROR] 2022-04-21 13:55:56.272 [main] DatabaseUtility - java.sql.SQLSyntaxErrorException: You have an error in your SQL syntax; check the manual that corresponds to your MySQL server version for the right syntax to use near 'order' at line 1
[ERROR] 2022-04-21 13:55:56.362 [main] DatabaseUtility - java.sql.SQLSyntaxErrorException: You have an error in your SQL syntax; check the manual that corresponds to your MySQL server version for the right syntax to use near 'order' at line 1
[ERROR] 2022-04-21 13:55:56.472 [main] DatabaseUtility - java.sql.SQLSyntaxErrorException: You have an error in your SQL syntax; check the manual that corresponds to your MySQL server version for the right syntax to use near 'order' at line 1
[ERROR] 2022-04-21 13:55:56.547 [main] DatabaseUtility - java.sql.SQLSyntaxErrorException: You have an error in your SQL syntax; check the manual that corresponds to your MySQL server version for the right syntax to use near 'order' at line 1
[ERROR] 2022-04-21 14:01:30.625 [main] DatabaseUtility - java.sql.SQLSyntaxErrorException: You have an error in your SQL syntax; check the manual that corresponds to your MySQL server version for the right syntax to use near 'order' at line 1
[ERROR] 2022-04-21 14:01:31.802 [main] DatabaseUtility - java.sql.SQLSyntaxErrorException: You have an error in your SQL syntax; check the manual that corresponds to your MySQL server version for the right syntax to use near 'order' at line 1
[ERROR] 2022-04-21 14:01:31.865 [main] DatabaseUtility - java.sql.SQLSyntaxErrorException: You have an error in your SQL syntax; check the manual that corresponds to your MySQL server version for the right syntax to use near 'order' at line 1
[ERROR] 2022-04-21 14:01:31.925 [main] DatabaseUtility - java.sql.SQLSyntaxErrorException: You have an error in your SQL syntax; check the manual that corresponds to your MySQL server version for the right syntax to use near 'order' at line 1
[ERROR] 2022-04-21 14:01:31.986 [main] DatabaseUtility - java.sql.SQLSyntaxErrorException: You have an error in your SQL syntax; check the manual that corresponds to your MySQL server version for the right syntax to use near 'order' at line 1
[ERROR] 2022-04-21 14:01:52.559 [main] DatabaseUtility - java.sql.SQLSyntaxErrorException: You have an error in your SQL syntax; check the manual that corresponds to your MySQL server version for the right syntax to use near 'order' at line 1
[ERROR] 2022-04-21 14:01:53.735 [main] DatabaseUtility - java.sql.SQLSyntaxErrorException: You have an error in your SQL syntax; check the manual that corresponds to your MySQL server version for the right syntax to use near 'order' at line 1
[ERROR] 2022-04-21 14:01:53.797 [main] DatabaseUtility - java.sql.SQLSyntaxErrorException: You have an error in your SQL syntax; check the manual that corresponds to your MySQL server version for the right syntax to use near 'order' at line 1
[ERROR] 2022-04-21 14:01:53.854 [main] DatabaseUtility - java.sql.SQLSyntaxErrorException: You have an error in your SQL syntax; check the manual that corresponds to your MySQL server version for the right syntax to use near 'order' at line 1
[ERROR] 2022-04-21 14:01:53.911 [main] DatabaseUtility - java.sql.SQLSyntaxErrorException: You have an error in your SQL syntax; check the manual that corresponds to your MySQL server version for the right syntax to use near 'order' at line 1
[ERROR] 2022-04-21 14:03:54.740 [main] DatabaseUtility - java.sql.SQLSyntaxErrorException: You have an error in your SQL syntax; check the manual that corresponds to your MySQL server version for the right syntax to use near 'order' at line 1
[ERROR] 2022-04-21 14:03:55.961 [main] DatabaseUtility - java.sql.SQLSyntaxErrorException: You have an error in your SQL syntax; check the manual that corresponds to your MySQL server version for the right syntax to use near 'order' at line 1
[ERROR] 2022-04-21 14:03:56.018 [main] DatabaseUtility - java.sql.SQLSyntaxErrorException: You have an error in your SQL syntax; check the manual that corresponds to your MySQL server version for the right syntax to use near 'order' at line 1
[ERROR] 2022-04-21 14:03:56.099 [main] DatabaseUtility - java.sql.SQLSyntaxErrorException: You have an error in your SQL syntax; check the manual that corresponds to your MySQL server version for the right syntax to use near 'order' at line 1
[ERROR] 2022-04-21 14:03:56.170 [main] DatabaseUtility - java.sql.SQLSyntaxErrorException: You have an error in your SQL syntax; check the manual that corresponds to your MySQL server version for the right syntax to use near 'order' at line 1
[ERROR] 2022-04-21 14:04:33.816 [main] DatabaseUtility - java.sql.SQLSyntaxErrorException: You have an error in your SQL syntax; check the manual that corresponds to your MySQL server version for the right syntax to use near 'order' at line 1
[ERROR] 2022-04-21 14:04:35.287 [main] DatabaseUtility - java.sql.SQLSyntaxErrorException: You have an error in your SQL syntax; check the manual that corresponds to your MySQL server version for the right syntax to use near 'order' at line 1
[ERROR] 2022-04-21 14:04:35.352 [main] DatabaseUtility - java.sql.SQLSyntaxErrorException: You have an error in your SQL syntax; check the manual that corresponds to your MySQL server version for the right syntax to use near 'order' at line 1
[ERROR] 2022-04-21 14:04:35.439 [main] DatabaseUtility - java.sql.SQLSyntaxErrorException: You have an error in your SQL syntax; check the manual that corresponds to your MySQL server version for the right syntax to use near 'order' at line 1
[ERROR] 2022-04-21 14:04:35.516 [main] DatabaseUtility - java.sql.SQLSyntaxErrorException: You have an error in your SQL syntax; check the manual that corresponds to your MySQL server version for the right syntax to use near 'order' at line 1
[ERROR] 2022-04-21 14:05:23.691 [main] DatabaseUtility - java.sql.SQLSyntaxErrorException: You have an error in your SQL syntax; check the manual that corresponds to your MySQL server version for the right syntax to use near 'order' at line 1
[ERROR] 2022-04-21 14:05:25.008 [main] DatabaseUtility - java.sql.SQLSyntaxErrorException: You have an error in your SQL syntax; check the manual that corresponds to your MySQL server version for the right syntax to use near 'order' at line 1
[ERROR] 2022-04-21 14:05:25.067 [main] DatabaseUtility - java.sql.SQLSyntaxErrorException: You have an error in your SQL syntax; check the manual that corresponds to your MySQL server version for the right syntax to use near 'order' at line 1
[ERROR] 2022-04-21 14:05:25.160 [main] DatabaseUtility - java.sql.SQLSyntaxErrorException: You have an error in your SQL syntax; check the manual that corresponds to your MySQL server version for the right syntax to use near 'order' at line 1
[ERROR] 2022-04-21 14:05:25.239 [main] DatabaseUtility - java.sql.SQLSyntaxErrorException: You have an error in your SQL syntax; check the manual that corresponds to your MySQL server version for the right syntax to use near 'order' at line 1
[ERROR] 2022-04-21 14:07:10.632 [main] DatabaseUtility - java.sql.SQLSyntaxErrorException: You have an error in your SQL syntax; check the manual that corresponds to your MySQL server version for the right syntax to use near 'order' at line 1
[ERROR] 2022-04-21 14:07:11.847 [main] DatabaseUtility - java.sql.SQLSyntaxErrorException: You have an error in your SQL syntax; check the manual that corresponds to your MySQL server version for the right syntax to use near 'order' at line 1
[ERROR] 2022-04-21 14:07:11.903 [main] DatabaseUtility - java.sql.SQLSyntaxErrorException: You have an error in your SQL syntax; check the manual that corresponds to your MySQL server version for the right syntax to use near 'order' at line 1
[ERROR] 2022-04-21 14:07:11.981 [main] DatabaseUtility - java.sql.SQLSyntaxErrorException: You have an error in your SQL syntax; check the manual that corresponds to your MySQL server version for the right syntax to use near 'order' at line 1
[ERROR] 2022-04-21 14:07:12.051 [main] DatabaseUtility - java.sql.SQLSyntaxErrorException: You have an error in your SQL syntax; check the manual that corresponds to your MySQL server version for the right syntax to use near 'order' at line 1
[ERROR] 2022-04-21 14:20:32.118 [main] DatabaseUtility - java.sql.SQLSyntaxErrorException: You have an error in your SQL syntax; check the manual that corresponds to your MySQL server version for the right syntax to use near 'order' at line 1
[ERROR] 2022-04-21 14:20:33.455 [main] DatabaseUtility - java.sql.SQLSyntaxErrorException: You have an error in your SQL syntax; check the manual that corresponds to your MySQL server version for the right syntax to use near 'order' at line 1
[ERROR] 2022-04-21 14:20:33.523 [main] DatabaseUtility - java.sql.SQLSyntaxErrorException: You have an error in your SQL syntax; check the manual that corresponds to your MySQL server version for the right syntax to use near 'order' at line 1
[ERROR] 2022-04-21 14:20:33.602 [main] DatabaseUtility - java.sql.SQLSyntaxErrorException: You have an error in your SQL syntax; check the manual that corresponds to your MySQL server version for the right syntax to use near 'order' at line 1
[ERROR] 2022-04-21 14:20:33.677 [main] DatabaseUtility - java.sql.SQLSyntaxErrorException: You have an error in your SQL syntax; check the manual that corresponds to your MySQL server version for the right syntax to use near 'order' at line 1
[ERROR] 2022-04-21 14:27:04.649 [main] DatabaseUtility - java.sql.SQLSyntaxErrorException: You have an error in your SQL syntax; check the manual that corresponds to your MySQL server version for the right syntax to use near 'order' at line 1
[ERROR] 2022-04-21 14:27:05.906 [main] DatabaseUtility - java.sql.SQLSyntaxErrorException: You have an error in your SQL syntax; check the manual that corresponds to your MySQL server version for the right syntax to use near 'order' at line 1
[ERROR] 2022-04-21 14:27:05.969 [main] DatabaseUtility - java.sql.SQLSyntaxErrorException: You have an error in your SQL syntax; check the manual that corresponds to your MySQL server version for the right syntax to use near 'order' at line 1
[ERROR] 2022-04-21 14:27:06.062 [main] DatabaseUtility - java.sql.SQLSyntaxErrorException: You have an error in your SQL syntax; check the manual that corresponds to your MySQL server version for the right syntax to use near 'order' at line 1
[ERROR] 2022-04-21 14:27:06.135 [main] DatabaseUtility - java.sql.SQLSyntaxErrorException: You have an error in your SQL syntax; check the manual that corresponds to your MySQL server version for the right syntax to use near 'order' at line 1
[ERROR] 2022-04-21 14:28:49.348 [main] DatabaseUtility - java.sql.SQLSyntaxErrorException: You have an error in your SQL syntax; check the manual that corresponds to your MySQL server version for the right syntax to use near 'order' at line 1
[ERROR] 2022-04-21 14:28:50.639 [main] DatabaseUtility - java.sql.SQLSyntaxErrorException: You have an error in your SQL syntax; check the manual that corresponds to your MySQL server version for the right syntax to use near 'order' at line 1
[ERROR] 2022-04-21 14:28:50.699 [main] DatabaseUtility - java.sql.SQLSyntaxErrorException: You have an error in your SQL syntax; check the manual that corresponds to your MySQL server version for the right syntax to use near 'order' at line 1
[ERROR] 2022-04-21 14:28:50.775 [main] DatabaseUtility - java.sql.SQLSyntaxErrorException: You have an error in your SQL syntax; check the manual that corresponds to your MySQL server version for the right syntax to use near 'order' at line 1
[ERROR] 2022-04-21 14:28:50.847 [main] DatabaseUtility - java.sql.SQLSyntaxErrorException: You have an error in your SQL syntax; check the manual that corresponds to your MySQL server version for the right syntax to use near 'order' at line 1
